#
# A fatal error has been detected by the Java Runtime Environment:
#
#  EXCEPTION_UNCAUGHT_CXX_EXCEPTION (0xe06d7363) at pc=0x00007ff959784b59, pid=6148, tid=11872
#
# JRE version: Java(TM) SE Runtime Environment (15.0.2+7) (build 15.0.2+7-27)
# Java VM: Java HotSpot(TM) 64-Bit Server VM (15.0.2+7-27, mixed mode, sharing, tiered, compressed oops, g1 gc, windows-amd64)
# Problematic frame:
# C  [KERNELBASE.dll+0x34b59]
#
# No core dump will be written. Minidumps are not enabled by default on client versions of Windows
#
# If you would like to submit a bug report, please visit:
#   https://bugreport.java.com/bugreport/crash.jsp
# The crash happened outside the Java Virtual Machine in native code.
# See problematic frame for where to report the bug.
#

---------------  S U M M A R Y ------------

Command Line: -agentlib:jdwp=transport=dt_socket,address=127.0.0.1:57814,suspend=y,server=n -javaagent:C:\Users\dmitriy\.gradle\caches\modules-2\files-2.1\org.jetbrains.kotlinx\kotlinx-coroutines-core-jvm\1.4.1\936067d1e0195f638396f60e71da745bb14a35ca\kotlinx-coroutines-core-jvm-1.4.1.jar -javaagent:C:\Users\dmitriy\AppData\Local\JetBrains\IdeaIC2021.1\captureAgent\debugger-agent.jar -Dfile.encoding=UTF-8 MainKt

Host: Intel(R) Core(TM) i5-7500 CPU @ 3.40GHz, 4 cores, 31G,  Windows 10 , 64 bit Build 19041 (10.0.19041.928)
Time: Wed Jul 21 17:05:15 2021 Belarus Standard Time elapsed time: 20.784633 seconds (0d 0h 0m 20s)

---------------  T H R E A D  ---------------

Current thread (0x000002a495acee90):  JavaThread "AWT-EventQueue-0" [_thread_in_native, id=11872, stack(0x000000d6ecd00000,0x000000d6ece00000)]

Stack: [0x000000d6ecd00000,0x000000d6ece00000],  sp=0x000000d6ecdfe970,  free space=1018k
Native frames: (J=compiled Java code, j=interpreted, Vv=VM code, C=native code)
C  [KERNELBASE.dll+0x34b59]
C  [skiko-windows-x64.dll+0xb20b3c]

Java frames: (J=compiled Java code, j=interpreted, Vv=VM code)
j  org.jetbrains.skiko.redrawer.Direct3DRedrawer.createDirectXDevice(J)J+0
j  org.jetbrains.skiko.redrawer.Direct3DRedrawer.createDevice()J+9
j  org.jetbrains.skiko.context.Direct3DContextHandler.initContext()Z+13
j  org.jetbrains.skiko.SkiaLayer.draw$skiko()V+70
j  org.jetbrains.skiko.redrawer.Direct3DRedrawer.draw()V+4
j  org.jetbrains.skiko.redrawer.Direct3DRedrawer.redrawImmediately()V+57
j  org.jetbrains.skiko.SkiaLayer$redraw$1.run()V+29
j  java.awt.event.InvocationEvent.dispatch$$$capture()V+47 java.desktop@15.0.2
j  java.awt.event.InvocationEvent.dispatch()V+5 java.desktop@15.0.2
j  java.awt.EventQueue.dispatchEventImpl(Ljava/awt/AWTEvent;Ljava/lang/Object;)V+21 java.desktop@15.0.2
j  java.awt.EventQueue$4.run()Ljava/lang/Void;+32 java.desktop@15.0.2
j  java.awt.EventQueue$4.run()Ljava/lang/Object;+1 java.desktop@15.0.2
j  java.security.AccessController.executePrivileged(Ljava/security/PrivilegedAction;Ljava/security/AccessControlContext;Ljava/lang/Class;)Ljava/lang/Object;+29 java.base@15.0.2
j  java.security.AccessController.doPrivileged(Ljava/security/PrivilegedAction;Ljava/security/AccessControlContext;)Ljava/lang/Object;+13 java.base@15.0.2
j  java.security.ProtectionDomain$JavaSecurityAccessImpl.doIntersectionPrivilege(Ljava/security/PrivilegedAction;Ljava/security/AccessControlContext;Ljava/security/AccessControlContext;)Ljava/lang/Object;+18 java.base@15.0.2
j  java.awt.EventQueue.dispatchEvent(Ljava/awt/AWTEvent;)V+46 java.desktop@15.0.2
j  java.awt.EventDispatchThread.pumpOneEventForFilters(I)V+78 java.desktop@15.0.2
j  java.awt.EventDispatchThread.pumpEventsForFilter(ILjava/awt/Conditional;Ljava/awt/EventFilter;)V+35 java.desktop@15.0.2
j  java.awt.EventDispatchThread.pumpEventsForHierarchy(ILjava/awt/Conditional;Ljava/awt/Component;)V+11 java.desktop@15.0.2
j  java.awt.EventDispatchThread.pumpEvents(ILjava/awt/Conditional;)V+4 java.desktop@15.0.2
j  java.awt.EventDispatchThread.pumpEvents(Ljava/awt/Conditional;)V+3 java.desktop@15.0.2
j  java.awt.EventDispatchThread.run()V+9 java.desktop@15.0.2
v  ~StubRoutines::call_stub

siginfo: EXCEPTION_UNCAUGHT_CXX_EXCEPTION (0xe06d7363), ExceptionInformation=0x0000000019930520 0x000000d6ecdfeb08 0x00007ff8c308f400 0x00007ff8c2240000 


Register to memory mapping:

RIP=0x00007ff959784b59 KERNELBASE.dll
RAX=0x0 is NULL
RBX=0x00007ff8c308f400 skiko-windows-x64.dll
RCX=0x0 is NULL
RDX=0x000000d6ecdfdd20 is pointing into the stack for thread: 0x000002a495acee90
RSP=0x000000d6ecdfe970 is pointing into the stack for thread: 0x000002a495acee90
RBP=0x000000d6ecdfeb69 is pointing into the stack for thread: 0x000002a495acee90
RSI=0x000000d6ecdfeb08 is pointing into the stack for thread: 0x000002a495acee90
RDI=0x0000000019930520 is an unknown value
R8 =0x000002a497439c48 points into unknown readable memory: 0x000002a497351aa0 | a0 1a 35 97 a4 02 00 00
R9 =0x000002a497439c38 points into unknown readable memory: 0x000002a4970072b0 | b0 72 00 97 a4 02 00 00
R10=0x000002a497439c48 points into unknown readable memory: 0x000002a497351aa0 | a0 1a 35 97 a4 02 00 00
R11=0x0 is NULL
R12=0x00000000007904d4 is an unknown value
R13=0x0 is NULL
R14=0x000002a497439c48 points into unknown readable memory: 0x000002a497351aa0 | a0 1a 35 97 a4 02 00 00
R15=0x000002a497439c38 points into unknown readable memory: 0x000002a4970072b0 | b0 72 00 97 a4 02 00 00


Registers:
RAX=0x0000000000000000, RBX=0x00007ff8c308f400, RCX=0x0000000000000000, RDX=0x000000d6ecdfdd20
RSP=0x000000d6ecdfe970, RBP=0x000000d6ecdfeb69, RSI=0x000000d6ecdfeb08, RDI=0x0000000019930520
R8 =0x000002a497439c48, R9 =0x000002a497439c38, R10=0x000002a497439c48, R11=0x0000000000000000
R12=0x00000000007904d4, R13=0x0000000000000000, R14=0x000002a497439c48, R15=0x000002a497439c38
RIP=0x00007ff959784b59, EFLAGS=0x0000000000000202

Top of Stack: (sp=0x000000d6ecdfe970)
0x000000d6ecdfe970:   0000000000000000 00007ff8c308f400
0x000000d6ecdfe980:   000000d6ecdfeb08 0000000000000000
0x000000d6ecdfe990:   00000001e06d7363 0000000000000000
0x000000d6ecdfe9a0:   00007ff959784b59 0000000000000004
0x000000d6ecdfe9b0:   0000000019930520 000000d6ecdfeb08
0x000000d6ecdfe9c0:   00007ff8c308f400 00007ff8c2240000
0x000000d6ecdfe9d0:   0000000000000000 00000000007904d4
0x000000d6ecdfe9e0:   000000d6ecdfeb08 000000d6ecdfeb69
0x000000d6ecdfe9f0:   000000d6ecdfea70 00007ff95bd84a5f
0x000000d6ecdfea00:   0000000019930520 000002a400000000
0x000000d6ecdfea10:   0000000000000000 0000000000000000
0x000000d6ecdfea20:   00007ff8c30c8000 00007ff8c2240000
0x000000d6ecdfea30:   0000d5dfb797ce58 0000000200000020
0x000000d6ecdfea40:   00007ff8c308f400 00007ff8c2d60b3c
0x000000d6ecdfea50:   0000000100000000 000002a497439c48
0x000000d6ecdfea60:   00001da1ee41b262 00007ff957ddd17b 

Instructions: (pc=0x00007ff959784b59)
0x00007ff959784a59:   d8 21 00 00 41 0f 44 c0 89 43 24 8b 41 18 89 43
0x00007ff959784a69:   28 65 48 8b 04 25 60 00 00 00 48 8b 48 20 39 79
0x00007ff959784a79:   08 7c 36 41 b9 40 00 00 00 48 89 7c 24 20 4c 8d
0x00007ff959784a89:   44 24 30 48 83 c9 ff 41 8d 51 e5 48 ff 15 8d 9f
0x00007ff959784a99:   18 00 0f 1f 44 00 00 85 c0 0f 88 4f f0 06 00 81
0x00007ff959784aa9:   7c 24 54 33 00 03 00 72 0f 48 8b 9c 24 80 00 00
0x00007ff959784ab9:   00 48 83 c4 70 5f c3 cc 89 7b 2c eb ec cc cc cc
0x00007ff959784ac9:   cc cc cc cc cc cc cc 65 48 8b 04 25 30 00 00 00
0x00007ff959784ad9:   8b 40 68 c3 cc cc cc cc cc cc cc cc cc cc cc cc
0x00007ff959784ae9:   cc cc cc cc cc cc cc 48 81 ec d8 00 00 00 48 8b
0x00007ff959784af9:   05 72 63 25 00 48 33 c4 48 89 84 24 c0 00 00 00
0x00007ff959784b09:   48 83 64 24 28 00 48 8d 05 da ff ff ff 83 e2 01
0x00007ff959784b19:   89 4c 24 20 89 54 24 24 48 89 44 24 30 4d 85 c9
0x00007ff959784b29:   74 4c b8 0f 00 00 00 48 8d 4c 24 40 44 3b c0 49
0x00007ff959784b39:   8b d1 44 0f 47 c0 44 89 44 24 38 49 c1 e0 03 e8
0x00007ff959784b49:   9a d1 05 00 48 8d 4c 24 20 48 ff 15 af 9f 18 00
0x00007ff959784b59:   0f 1f 44 00 00 48 8b 8c 24 c0 00 00 00 48 33 cc
0x00007ff959784b69:   e8 72 95 05 00 48 81 c4 d8 00 00 00 c3 cc 83 64
0x00007ff959784b79:   24 38 00 eb cf cc cc cc cc cc cc cc cc cc cc cc
0x00007ff959784b89:   cc cc cc cc cc cc cc 40 53 48 83 ec 30 48 8b d1
0x00007ff959784b99:   48 8d 4c 24 20 e8 e5 cc ff ff 85 c0 74 26 48 8b
0x00007ff959784ba9:   4c 24 28 e8 8f 6f ff ff 48 8d 4c 24 20 8b d8 48
0x00007ff959784bb9:   ff 15 a1 97 18 00 0f 1f 44 00 00 8b c3 48 83 c4
0x00007ff959784bc9:   30 5b c3 cc 83 c8 ff eb f4 cc cc cc cc cc cc cc
0x00007ff959784bd9:   cc cc cc cc cc cc cc 48 8b c4 48 89 58 10 48 89
0x00007ff959784be9:   70 18 57 48 83 ec 60 0f 57 c0 0f 11 40 b8 48 8d
0x00007ff959784bf9:   35 c2 f7 18 00 33 db 48 85 c9 48 0f 45 f1 48 8b
0x00007ff959784c09:   d6 48 8d 48 c8 48 ff 15 d3 9d 18 00 0f 1f 44 00
0x00007ff959784c19:   00 8b f8 89 44 24 70 85 c0 78 1f 41 b0 01 48 8d
0x00007ff959784c29:   54 24 30 48 8d 4c 24 20 48 ff 15 50 97 18 00 0f
0x00007ff959784c39:   1f 44 00 00 8b f8 89 44 24 70 85 ff 0f 88 b9 ee
0x00007ff959784c49:   06 00 48 83 c8 ff 48 8b c8 48 ff c1 66 39 1c 4e 


Stack slot to memory mapping:
stack at sp + 0 slots: 0x0 is NULL
stack at sp + 1 slots: 0x00007ff8c308f400 skiko-windows-x64.dll
stack at sp + 2 slots: 0x000000d6ecdfeb08 is pointing into the stack for thread: 0x000002a495acee90
stack at sp + 3 slots: 0x0 is NULL
stack at sp + 4 slots: 0x00000001e06d7363 is an unknown value
stack at sp + 5 slots: 0x0 is NULL
stack at sp + 6 slots: 0x00007ff959784b59 KERNELBASE.dll
stack at sp + 7 slots: 0x0000000000000004 is an unknown value


---------------  P R O C E S S  ---------------

Threads class SMR info:
_java_thread_list=0x000002a497194e00, length=20, elements={
0x000002a49517e850, 0x000002a49598eec0, 0x000002a4959a90e0, 0x000002a4959aa2b0,
0x000002a4959ae470, 0x000002a4959b4330, 0x000002a4959bcc40, 0x000002a495ad0b70,
0x000002a495b71010, 0x000002a495ad1040, 0x000002a495ad1eb0, 0x000002a495ad2380,
0x000002a495ad2850, 0x000002a495acf830, 0x000002a495acfd00, 0x000002a495acee90,
0x000002a495acf360, 0x000002a496d05540, 0x000002a496d02520, 0x000002a496d04200
}

Java Threads: ( => current thread )
  0x000002a49517e850 JavaThread "Reference Handler" daemon [_thread_blocked, id=1364, stack(0x000000d6eb400000,0x000000d6eb500000)]
  0x000002a49598eec0 JavaThread "Finalizer" daemon [_thread_blocked, id=7252, stack(0x000000d6eb500000,0x000000d6eb600000)]
  0x000002a4959a90e0 JavaThread "Attach Listener" daemon [_thread_blocked, id=12852, stack(0x000000d6eb700000,0x000000d6eb800000)]
  0x000002a4959aa2b0 JavaThread "Service Thread" daemon [_thread_blocked, id=12672, stack(0x000000d6eb800000,0x000000d6eb900000)]
  0x000002a4959ae470 JavaThread "C2 CompilerThread0" daemon [_thread_blocked, id=11384, stack(0x000000d6eb900000,0x000000d6eba00000)]
  0x000002a4959b4330 JavaThread "C1 CompilerThread0" daemon [_thread_blocked, id=9636, stack(0x000000d6eba00000,0x000000d6ebb00000)]
  0x000002a4959bcc40 JavaThread "Sweeper thread" daemon [_thread_blocked, id=8012, stack(0x000000d6ebb00000,0x000000d6ebc00000)]
  0x000002a495ad0b70 JavaThread "Common-Cleaner" daemon [_thread_blocked, id=12172, stack(0x000000d6ebc00000,0x000000d6ebd00000)]
  0x000002a495b71010 JavaThread "JDWP Event Helper Thread" daemon [_thread_blocked, id=12508, stack(0x000000d6ebe00000,0x000000d6ebf00000)]
  0x000002a495ad1040 JavaThread "Coroutines Debugger Cleaner" daemon [_thread_blocked, id=3356, stack(0x000000d6ec100000,0x000000d6ec200000)]
  0x000002a495ad1eb0 JavaThread "Notification Thread" daemon [_thread_blocked, id=10696, stack(0x000000d6ec200000,0x000000d6ec300000)]
  0x000002a495ad2380 JavaThread "DefaultDispatcher-worker-1" daemon [_thread_blocked, id=2688, stack(0x000000d6ec400000,0x000000d6ec500000)]
  0x000002a495ad2850 JavaThread "DefaultDispatcher-worker-2" daemon [_thread_blocked, id=5360, stack(0x000000d6ec500000,0x000000d6ec600000)]
  0x000002a495acf830 JavaThread "Java2D Disposer" daemon [_thread_blocked, id=4400, stack(0x000000d6ec700000,0x000000d6ec800000)]
  0x000002a495acfd00 JavaThread "AWT-Shutdown" [_thread_blocked, id=5448, stack(0x000000d6ec800000,0x000000d6ec900000)]
=>0x000002a495acee90 JavaThread "AWT-EventQueue-0" [_thread_in_native, id=11872, stack(0x000000d6ecd00000,0x000000d6ece00000)]
  0x000002a495acf360 JavaThread "DestroyJavaVM" [_thread_blocked, id=3936, stack(0x000000d6ead00000,0x000000d6eae00000)]
  0x000002a496d05540 JavaThread "Cleaner-0" daemon [_thread_blocked, id=13068, stack(0x000000d6ed000000,0x000000d6ed100000)]
  0x000002a496d02520 JavaThread "kotlinx.coroutines.DefaultExecutor" daemon [_thread_blocked, id=7832, stack(0x000000d6ed200000,0x000000d6ed300000)]
  0x000002a496d04200 JavaThread "SIGINT handler" daemon [_thread_blocked, id=8064, stack(0x000000d6ebd00000,0x000000d6ebe00000)]

Other Threads:
  0x000002a495989560 VMThread "VM Thread" [stack: 0x000000d6eb300000,0x000000d6eb400000] [id=1684] _threads_hazard_ptr=0x000002a497194e00
  0x000002a4e8a30b30 GCTaskThread "GC Thread#0" [stack: 0x000000d6eae00000,0x000000d6eaf00000] [id=3032]
  0x000002a49602a730 GCTaskThread "GC Thread#1" [stack: 0x000000d6eca00000,0x000000d6ecb00000] [id=12848]
  0x000002a496029410 GCTaskThread "GC Thread#2" [stack: 0x000000d6ecb00000,0x000000d6ecc00000] [id=1372]
  0x000002a49602b3f0 GCTaskThread "GC Thread#3" [stack: 0x000000d6ecc00000,0x000000d6ecd00000] [id=12856]
  0x000002a4e8a43b30 ConcurrentGCThread "G1 Main Marker" [stack: 0x000000d6eaf00000,0x000000d6eb000000] [id=8580]
  0x000002a4e8a44dd0 ConcurrentGCThread "G1 Conc#0" [stack: 0x000000d6eb000000,0x000000d6eb100000] [id=11392]
  0x000002a4e8a897e0 ConcurrentGCThread "G1 Refine#0" [stack: 0x000000d6eb100000,0x000000d6eb200000] [id=10992]
  0x000002a495003340 ConcurrentGCThread "G1 Young RemSet Sampling" [stack: 0x000000d6eb200000,0x000000d6eb300000] [id=1100]

Threads with active compile tasks:

VM state: at safepoint (normal execution)

VM Mutex/Monitor currently owned by a thread:  ([mutex/lock_event])
[0x000002a4e89b6980] Threads_lock - owner thread: 0x000002a495989560
[0x000002a4e89b6740] Heap_lock - owner thread: 0x000002a496d04200

Heap address: 0x0000000601000000, size: 8176 MB, Compressed Oops mode: Zero based, Oop shift amount: 3
CDS archive(s) mapped at: [0x0000000800000000-0x0000000800b50000-0x0000000800b50000), size 11862016, SharedBaseAddress: 0x0000000800000000, ArchiveRelocationMode: 0.
Compressed class space mapped at: 0x0000000800b50000-0x0000000840b50000, size: 1073741824
Narrow klass base: 0x0000000800000000, Narrow klass shift: 3, Narrow klass range: 0x100000000

GC Precious Log:
 CPUs: 4 total, 4 available
 Memory: 32700M
 Large Page Support: Disabled
 NUMA Support: Disabled
 Compressed Oops: Enabled (Zero based)
 Heap Region Size: 4M
 Heap Min Capacity: 8M
 Heap Initial Capacity: 512M
 Heap Max Capacity: 8176M
 Pre-touch: Disabled
 Parallel Workers: 4
 Concurrent Workers: 1
 Concurrent Refinement Workers: 4
 Periodic GC: Disabled

Heap:
 garbage-first heap   total 524288K, used 12317K [0x0000000601000000, 0x0000000800000000)
  region size 4096K, 4 young (16384K), 1 survivors (4096K)
 Metaspace       used 13753K, capacity 13982K, committed 14080K, reserved 1062912K
  class space    used 1394K, capacity 1478K, committed 1536K, reserved 1048576K

Heap Regions: E=young(eden), S=young(survivor), O=old, HS=humongous(starts), HC=humongous(continues), CS=collection set, F=free, OA=open archive, CA=closed archive, TAMS=top-at-mark-start (previous, next)
|   0|0x0000000601000000, 0x00000006012e9600, 0x0000000601400000| 72%| O|  |TAMS 0x0000000601000000, 0x0000000601000000| Untracked 
|   1|0x0000000601400000, 0x0000000601400000, 0x0000000601800000|  0%| F|  |TAMS 0x0000000601400000, 0x0000000601400000| Untracked 
|   2|0x0000000601800000, 0x0000000601800000, 0x0000000601c00000|  0%| F|  |TAMS 0x0000000601800000, 0x0000000601800000| Untracked 
|   3|0x0000000601c00000, 0x0000000601c00000, 0x0000000602000000|  0%| F|  |TAMS 0x0000000601c00000, 0x0000000601c00000| Untracked 
|   4|0x0000000602000000, 0x0000000602000000, 0x0000000602400000|  0%| F|  |TAMS 0x0000000602000000, 0x0000000602000000| Untracked 
|   5|0x0000000602400000, 0x0000000602400000, 0x0000000602800000|  0%| F|  |TAMS 0x0000000602400000, 0x0000000602400000| Untracked 
|   6|0x0000000602800000, 0x0000000602800000, 0x0000000602c00000|  0%| F|  |TAMS 0x0000000602800000, 0x0000000602800000| Untracked 
|   7|0x0000000602c00000, 0x0000000602c00000, 0x0000000603000000|  0%| F|  |TAMS 0x0000000602c00000, 0x0000000602c00000| Untracked 
|   8|0x0000000603000000, 0x0000000603000000, 0x0000000603400000|  0%| F|  |TAMS 0x0000000603000000, 0x0000000603000000| Untracked 
|   9|0x0000000603400000, 0x0000000603400000, 0x0000000603800000|  0%| F|  |TAMS 0x0000000603400000, 0x0000000603400000| Untracked 
|  10|0x0000000603800000, 0x0000000603800000, 0x0000000603c00000|  0%| F|  |TAMS 0x0000000603800000, 0x0000000603800000| Untracked 
|  11|0x0000000603c00000, 0x0000000603c00000, 0x0000000604000000|  0%| F|  |TAMS 0x0000000603c00000, 0x0000000603c00000| Untracked 
|  12|0x0000000604000000, 0x0000000604000000, 0x0000000604400000|  0%| F|  |TAMS 0x0000000604000000, 0x0000000604000000| Untracked 
|  13|0x0000000604400000, 0x0000000604400000, 0x0000000604800000|  0%| F|  |TAMS 0x0000000604400000, 0x0000000604400000| Untracked 
|  14|0x0000000604800000, 0x0000000604800000, 0x0000000604c00000|  0%| F|  |TAMS 0x0000000604800000, 0x0000000604800000| Untracked 
|  15|0x0000000604c00000, 0x0000000604c00000, 0x0000000605000000|  0%| F|  |TAMS 0x0000000604c00000, 0x0000000604c00000| Untracked 
|  16|0x0000000605000000, 0x0000000605000000, 0x0000000605400000|  0%| F|  |TAMS 0x0000000605000000, 0x0000000605000000| Untracked 
|  17|0x0000000605400000, 0x0000000605400000, 0x0000000605800000|  0%| F|  |TAMS 0x0000000605400000, 0x0000000605400000| Untracked 
|  18|0x0000000605800000, 0x0000000605800000, 0x0000000605c00000|  0%| F|  |TAMS 0x0000000605800000, 0x0000000605800000| Untracked 
|  19|0x0000000605c00000, 0x0000000605c00000, 0x0000000606000000|  0%| F|  |TAMS 0x0000000605c00000, 0x0000000605c00000| Untracked 
|  20|0x0000000606000000, 0x0000000606000000, 0x0000000606400000|  0%| F|  |TAMS 0x0000000606000000, 0x0000000606000000| Untracked 
|  21|0x0000000606400000, 0x0000000606400000, 0x0000000606800000|  0%| F|  |TAMS 0x0000000606400000, 0x0000000606400000| Untracked 
|  22|0x0000000606800000, 0x0000000606800000, 0x0000000606c00000|  0%| F|  |TAMS 0x0000000606800000, 0x0000000606800000| Untracked 
|  23|0x0000000606c00000, 0x0000000606c00000, 0x0000000607000000|  0%| F|  |TAMS 0x0000000606c00000, 0x0000000606c00000| Untracked 
|  24|0x0000000607000000, 0x0000000607000000, 0x0000000607400000|  0%| F|  |TAMS 0x0000000607000000, 0x0000000607000000| Untracked 
|  25|0x0000000607400000, 0x0000000607400000, 0x0000000607800000|  0%| F|  |TAMS 0x0000000607400000, 0x0000000607400000| Untracked 
|  26|0x0000000607800000, 0x0000000607800000, 0x0000000607c00000|  0%| F|  |TAMS 0x0000000607800000, 0x0000000607800000| Untracked 
|  27|0x0000000607c00000, 0x0000000607c00000, 0x0000000608000000|  0%| F|  |TAMS 0x0000000607c00000, 0x0000000607c00000| Untracked 
|  28|0x0000000608000000, 0x0000000608000000, 0x0000000608400000|  0%| F|  |TAMS 0x0000000608000000, 0x0000000608000000| Untracked 
|  29|0x0000000608400000, 0x0000000608400000, 0x0000000608800000|  0%| F|  |TAMS 0x0000000608400000, 0x0000000608400000| Untracked 
|  30|0x0000000608800000, 0x0000000608800000, 0x0000000608c00000|  0%| F|  |TAMS 0x0000000608800000, 0x0000000608800000| Untracked 
|  31|0x0000000608c00000, 0x0000000608c00000, 0x0000000609000000|  0%| F|  |TAMS 0x0000000608c00000, 0x0000000608c00000| Untracked 
|  32|0x0000000609000000, 0x0000000609000000, 0x0000000609400000|  0%| F|  |TAMS 0x0000000609000000, 0x0000000609000000| Untracked 
|  33|0x0000000609400000, 0x0000000609400000, 0x0000000609800000|  0%| F|  |TAMS 0x0000000609400000, 0x0000000609400000| Untracked 
|  34|0x0000000609800000, 0x0000000609800000, 0x0000000609c00000|  0%| F|  |TAMS 0x0000000609800000, 0x0000000609800000| Untracked 
|  35|0x0000000609c00000, 0x0000000609c00000, 0x000000060a000000|  0%| F|  |TAMS 0x0000000609c00000, 0x0000000609c00000| Untracked 
|  36|0x000000060a000000, 0x000000060a000000, 0x000000060a400000|  0%| F|  |TAMS 0x000000060a000000, 0x000000060a000000| Untracked 
|  37|0x000000060a400000, 0x000000060a400000, 0x000000060a800000|  0%| F|  |TAMS 0x000000060a400000, 0x000000060a400000| Untracked 
|  38|0x000000060a800000, 0x000000060a800000, 0x000000060ac00000|  0%| F|  |TAMS 0x000000060a800000, 0x000000060a800000| Untracked 
|  39|0x000000060ac00000, 0x000000060ac00000, 0x000000060b000000|  0%| F|  |TAMS 0x000000060ac00000, 0x000000060ac00000| Untracked 
|  40|0x000000060b000000, 0x000000060b000000, 0x000000060b400000|  0%| F|  |TAMS 0x000000060b000000, 0x000000060b000000| Untracked 
|  41|0x000000060b400000, 0x000000060b400000, 0x000000060b800000|  0%| F|  |TAMS 0x000000060b400000, 0x000000060b400000| Untracked 
|  42|0x000000060b800000, 0x000000060b800000, 0x000000060bc00000|  0%| F|  |TAMS 0x000000060b800000, 0x000000060b800000| Untracked 
|  43|0x000000060bc00000, 0x000000060bc00000, 0x000000060c000000|  0%| F|  |TAMS 0x000000060bc00000, 0x000000060bc00000| Untracked 
|  44|0x000000060c000000, 0x000000060c000000, 0x000000060c400000|  0%| F|  |TAMS 0x000000060c000000, 0x000000060c000000| Untracked 
|  45|0x000000060c400000, 0x000000060c400000, 0x000000060c800000|  0%| F|  |TAMS 0x000000060c400000, 0x000000060c400000| Untracked 
|  46|0x000000060c800000, 0x000000060c800000, 0x000000060cc00000|  0%| F|  |TAMS 0x000000060c800000, 0x000000060c800000| Untracked 
|  47|0x000000060cc00000, 0x000000060cc00000, 0x000000060d000000|  0%| F|  |TAMS 0x000000060cc00000, 0x000000060cc00000| Untracked 
|  48|0x000000060d000000, 0x000000060d000000, 0x000000060d400000|  0%| F|  |TAMS 0x000000060d000000, 0x000000060d000000| Untracked 
|  49|0x000000060d400000, 0x000000060d400000, 0x000000060d800000|  0%| F|  |TAMS 0x000000060d400000, 0x000000060d400000| Untracked 
|  50|0x000000060d800000, 0x000000060d800000, 0x000000060dc00000|  0%| F|  |TAMS 0x000000060d800000, 0x000000060d800000| Untracked 
|  51|0x000000060dc00000, 0x000000060dc00000, 0x000000060e000000|  0%| F|  |TAMS 0x000000060dc00000, 0x000000060dc00000| Untracked 
|  52|0x000000060e000000, 0x000000060e000000, 0x000000060e400000|  0%| F|  |TAMS 0x000000060e000000, 0x000000060e000000| Untracked 
|  53|0x000000060e400000, 0x000000060e400000, 0x000000060e800000|  0%| F|  |TAMS 0x000000060e400000, 0x000000060e400000| Untracked 
|  54|0x000000060e800000, 0x000000060e800000, 0x000000060ec00000|  0%| F|  |TAMS 0x000000060e800000, 0x000000060e800000| Untracked 
|  55|0x000000060ec00000, 0x000000060ec00000, 0x000000060f000000|  0%| F|  |TAMS 0x000000060ec00000, 0x000000060ec00000| Untracked 
|  56|0x000000060f000000, 0x000000060f000000, 0x000000060f400000|  0%| F|  |TAMS 0x000000060f000000, 0x000000060f000000| Untracked 
|  57|0x000000060f400000, 0x000000060f400000, 0x000000060f800000|  0%| F|  |TAMS 0x000000060f400000, 0x000000060f400000| Untracked 
|  58|0x000000060f800000, 0x000000060f800000, 0x000000060fc00000|  0%| F|  |TAMS 0x000000060f800000, 0x000000060f800000| Untracked 
|  59|0x000000060fc00000, 0x000000060fc00000, 0x0000000610000000|  0%| F|  |TAMS 0x000000060fc00000, 0x000000060fc00000| Untracked 
|  60|0x0000000610000000, 0x0000000610000000, 0x0000000610400000|  0%| F|  |TAMS 0x0000000610000000, 0x0000000610000000| Untracked 
|  61|0x0000000610400000, 0x0000000610400000, 0x0000000610800000|  0%| F|  |TAMS 0x0000000610400000, 0x0000000610400000| Untracked 
|  62|0x0000000610800000, 0x0000000610800000, 0x0000000610c00000|  0%| F|  |TAMS 0x0000000610800000, 0x0000000610800000| Untracked 
|  63|0x0000000610c00000, 0x0000000610c00000, 0x0000000611000000|  0%| F|  |TAMS 0x0000000610c00000, 0x0000000610c00000| Untracked 
|  64|0x0000000611000000, 0x0000000611000000, 0x0000000611400000|  0%| F|  |TAMS 0x0000000611000000, 0x0000000611000000| Untracked 
|  65|0x0000000611400000, 0x0000000611400000, 0x0000000611800000|  0%| F|  |TAMS 0x0000000611400000, 0x0000000611400000| Untracked 
|  66|0x0000000611800000, 0x0000000611800000, 0x0000000611c00000|  0%| F|  |TAMS 0x0000000611800000, 0x0000000611800000| Untracked 
|  67|0x0000000611c00000, 0x0000000611c00000, 0x0000000612000000|  0%| F|  |TAMS 0x0000000611c00000, 0x0000000611c00000| Untracked 
|  68|0x0000000612000000, 0x0000000612000000, 0x0000000612400000|  0%| F|  |TAMS 0x0000000612000000, 0x0000000612000000| Untracked 
|  69|0x0000000612400000, 0x0000000612400000, 0x0000000612800000|  0%| F|  |TAMS 0x0000000612400000, 0x0000000612400000| Untracked 
|  70|0x0000000612800000, 0x0000000612800000, 0x0000000612c00000|  0%| F|  |TAMS 0x0000000612800000, 0x0000000612800000| Untracked 
|  71|0x0000000612c00000, 0x0000000612c00000, 0x0000000613000000|  0%| F|  |TAMS 0x0000000612c00000, 0x0000000612c00000| Untracked 
|  72|0x0000000613000000, 0x0000000613000000, 0x0000000613400000|  0%| F|  |TAMS 0x0000000613000000, 0x0000000613000000| Untracked 
|  73|0x0000000613400000, 0x0000000613400000, 0x0000000613800000|  0%| F|  |TAMS 0x0000000613400000, 0x0000000613400000| Untracked 
|  74|0x0000000613800000, 0x0000000613800000, 0x0000000613c00000|  0%| F|  |TAMS 0x0000000613800000, 0x0000000613800000| Untracked 
|  75|0x0000000613c00000, 0x0000000613c00000, 0x0000000614000000|  0%| F|  |TAMS 0x0000000613c00000, 0x0000000613c00000| Untracked 
|  76|0x0000000614000000, 0x0000000614000000, 0x0000000614400000|  0%| F|  |TAMS 0x0000000614000000, 0x0000000614000000| Untracked 
|  77|0x0000000614400000, 0x0000000614400000, 0x0000000614800000|  0%| F|  |TAMS 0x0000000614400000, 0x0000000614400000| Untracked 
|  78|0x0000000614800000, 0x0000000614800000, 0x0000000614c00000|  0%| F|  |TAMS 0x0000000614800000, 0x0000000614800000| Untracked 
|  79|0x0000000614c00000, 0x0000000614c00000, 0x0000000615000000|  0%| F|  |TAMS 0x0000000614c00000, 0x0000000614c00000| Untracked 
|  80|0x0000000615000000, 0x0000000615000000, 0x0000000615400000|  0%| F|  |TAMS 0x0000000615000000, 0x0000000615000000| Untracked 
|  81|0x0000000615400000, 0x0000000615400000, 0x0000000615800000|  0%| F|  |TAMS 0x0000000615400000, 0x0000000615400000| Untracked 
|  82|0x0000000615800000, 0x0000000615800000, 0x0000000615c00000|  0%| F|  |TAMS 0x0000000615800000, 0x0000000615800000| Untracked 
|  83|0x0000000615c00000, 0x0000000615c00000, 0x0000000616000000|  0%| F|  |TAMS 0x0000000615c00000, 0x0000000615c00000| Untracked 
|  84|0x0000000616000000, 0x0000000616000000, 0x0000000616400000|  0%| F|  |TAMS 0x0000000616000000, 0x0000000616000000| Untracked 
|  85|0x0000000616400000, 0x0000000616400000, 0x0000000616800000|  0%| F|  |TAMS 0x0000000616400000, 0x0000000616400000| Untracked 
|  86|0x0000000616800000, 0x0000000616800000, 0x0000000616c00000|  0%| F|  |TAMS 0x0000000616800000, 0x0000000616800000| Untracked 
|  87|0x0000000616c00000, 0x0000000616c00000, 0x0000000617000000|  0%| F|  |TAMS 0x0000000616c00000, 0x0000000616c00000| Untracked 
|  88|0x0000000617000000, 0x0000000617000000, 0x0000000617400000|  0%| F|  |TAMS 0x0000000617000000, 0x0000000617000000| Untracked 
|  89|0x0000000617400000, 0x0000000617400000, 0x0000000617800000|  0%| F|  |TAMS 0x0000000617400000, 0x0000000617400000| Untracked 
|  90|0x0000000617800000, 0x0000000617800000, 0x0000000617c00000|  0%| F|  |TAMS 0x0000000617800000, 0x0000000617800000| Untracked 
|  91|0x0000000617c00000, 0x0000000617c00000, 0x0000000618000000|  0%| F|  |TAMS 0x0000000617c00000, 0x0000000617c00000| Untracked 
|  92|0x0000000618000000, 0x0000000618000000, 0x0000000618400000|  0%| F|  |TAMS 0x0000000618000000, 0x0000000618000000| Untracked 
|  93|0x0000000618400000, 0x0000000618400000, 0x0000000618800000|  0%| F|  |TAMS 0x0000000618400000, 0x0000000618400000| Untracked 
|  94|0x0000000618800000, 0x0000000618800000, 0x0000000618c00000|  0%| F|  |TAMS 0x0000000618800000, 0x0000000618800000| Untracked 
|  95|0x0000000618c00000, 0x0000000618c00000, 0x0000000619000000|  0%| F|  |TAMS 0x0000000618c00000, 0x0000000618c00000| Untracked 
|  96|0x0000000619000000, 0x0000000619000000, 0x0000000619400000|  0%| F|  |TAMS 0x0000000619000000, 0x0000000619000000| Untracked 
|  97|0x0000000619400000, 0x0000000619400000, 0x0000000619800000|  0%| F|  |TAMS 0x0000000619400000, 0x0000000619400000| Untracked 
|  98|0x0000000619800000, 0x0000000619800000, 0x0000000619c00000|  0%| F|  |TAMS 0x0000000619800000, 0x0000000619800000| Untracked 
|  99|0x0000000619c00000, 0x0000000619c00000, 0x000000061a000000|  0%| F|  |TAMS 0x0000000619c00000, 0x0000000619c00000| Untracked 
| 100|0x000000061a000000, 0x000000061a000000, 0x000000061a400000|  0%| F|  |TAMS 0x000000061a000000, 0x000000061a000000| Untracked 
| 101|0x000000061a400000, 0x000000061a400000, 0x000000061a800000|  0%| F|  |TAMS 0x000000061a400000, 0x000000061a400000| Untracked 
| 102|0x000000061a800000, 0x000000061a800000, 0x000000061ac00000|  0%| F|  |TAMS 0x000000061a800000, 0x000000061a800000| Untracked 
| 103|0x000000061ac00000, 0x000000061ac00000, 0x000000061b000000|  0%| F|  |TAMS 0x000000061ac00000, 0x000000061ac00000| Untracked 
| 104|0x000000061b000000, 0x000000061b000000, 0x000000061b400000|  0%| F|  |TAMS 0x000000061b000000, 0x000000061b000000| Untracked 
| 105|0x000000061b400000, 0x000000061b400000, 0x000000061b800000|  0%| F|  |TAMS 0x000000061b400000, 0x000000061b400000| Untracked 
| 106|0x000000061b800000, 0x000000061b800000, 0x000000061bc00000|  0%| F|  |TAMS 0x000000061b800000, 0x000000061b800000| Untracked 
| 107|0x000000061bc00000, 0x000000061bc00000, 0x000000061c000000|  0%| F|  |TAMS 0x000000061bc00000, 0x000000061bc00000| Untracked 
| 108|0x000000061c000000, 0x000000061c000000, 0x000000061c400000|  0%| F|  |TAMS 0x000000061c000000, 0x000000061c000000| Untracked 
| 109|0x000000061c400000, 0x000000061c400000, 0x000000061c800000|  0%| F|  |TAMS 0x000000061c400000, 0x000000061c400000| Untracked 
| 110|0x000000061c800000, 0x000000061c800000, 0x000000061cc00000|  0%| F|  |TAMS 0x000000061c800000, 0x000000061c800000| Untracked 
| 111|0x000000061cc00000, 0x000000061cc00000, 0x000000061d000000|  0%| F|  |TAMS 0x000000061cc00000, 0x000000061cc00000| Untracked 
| 112|0x000000061d000000, 0x000000061d000000, 0x000000061d400000|  0%| F|  |TAMS 0x000000061d000000, 0x000000061d000000| Untracked 
| 113|0x000000061d400000, 0x000000061d400000, 0x000000061d800000|  0%| F|  |TAMS 0x000000061d400000, 0x000000061d400000| Untracked 
| 114|0x000000061d800000, 0x000000061d800000, 0x000000061dc00000|  0%| F|  |TAMS 0x000000061d800000, 0x000000061d800000| Untracked 
| 115|0x000000061dc00000, 0x000000061dc00000, 0x000000061e000000|  0%| F|  |TAMS 0x000000061dc00000, 0x000000061dc00000| Untracked 
| 116|0x000000061e000000, 0x000000061e000000, 0x000000061e400000|  0%| F|  |TAMS 0x000000061e000000, 0x000000061e000000| Untracked 
| 117|0x000000061e400000, 0x000000061e400000, 0x000000061e800000|  0%| F|  |TAMS 0x000000061e400000, 0x000000061e400000| Untracked 
| 118|0x000000061e800000, 0x000000061e800000, 0x000000061ec00000|  0%| F|  |TAMS 0x000000061e800000, 0x000000061e800000| Untracked 
| 119|0x000000061ec00000, 0x000000061ec00000, 0x000000061f000000|  0%| F|  |TAMS 0x000000061ec00000, 0x000000061ec00000| Untracked 
| 120|0x000000061f000000, 0x000000061f000000, 0x000000061f400000|  0%| F|  |TAMS 0x000000061f000000, 0x000000061f000000| Untracked 
| 121|0x000000061f400000, 0x000000061f400000, 0x000000061f800000|  0%| F|  |TAMS 0x000000061f400000, 0x000000061f400000| Untracked 
| 122|0x000000061f800000, 0x000000061f91de48, 0x000000061fc00000| 27%| S|CS|TAMS 0x000000061f800000, 0x000000061f800000| Complete 
| 123|0x000000061fc00000, 0x000000061fc00000, 0x0000000620000000|  0%| F|  |TAMS 0x000000061fc00000, 0x000000061fc00000| Untracked 
| 124|0x0000000620000000, 0x0000000620000000, 0x0000000620400000|  0%| F|  |TAMS 0x0000000620000000, 0x0000000620000000| Untracked 
| 125|0x0000000620400000, 0x0000000620795440, 0x0000000620800000| 89%| E|  |TAMS 0x0000000620400000, 0x0000000620400000| Complete 
| 126|0x0000000620800000, 0x0000000620c00000, 0x0000000620c00000|100%| E|CS|TAMS 0x0000000620800000, 0x0000000620800000| Complete 
| 127|0x0000000620c00000, 0x0000000621000000, 0x0000000621000000|100%| E|CS|TAMS 0x0000000620c00000, 0x0000000620c00000| Complete 

Card table byte_map: [0x000002a481000000,0x000002a482000000] _byte_map_base: 0x000002a47dff8000

Marking Bits (Prev, Next): (CMBitMap*) 0x000002a4e8a33250, (CMBitMap*) 0x000002a4e8a33290
 Prev Bits: [0x000002a483000000, 0x000002a48afc0000)
 Next Bits: [0x000002a48afc0000, 0x000002a492f80000)

Polling page: 0x000002a4e6990000

Metaspace:

Usage:
  Non-class:     12.21 MB capacity,    12.07 MB ( 99%) used,   129.63 KB (  1%) free+waste,    15.94 KB ( <1%) overhead. 
      Class:      1.44 MB capacity,     1.36 MB ( 94%) used,    77.37 KB (  5%) free+waste,     5.88 KB ( <1%) overhead. 
       Both:     13.65 MB capacity,    13.43 MB ( 98%) used,   207.00 KB (  1%) free+waste,    21.81 KB ( <1%) overhead. 

Virtual space:
  Non-class space:       14.00 MB reserved,      12.25 MB ( 88%) committed 
      Class space:        1.00 GB reserved,       1.50 MB ( <1%) committed 
             Both:        1.01 GB reserved,      13.75 MB (  1%) committed 

Chunk freelists:
   Non-Class:  40.00 KB
       Class:  26.00 KB
        Both:  66.00 KB

MaxMetaspaceSize: 17179869184.00 GB
CompressedClassSpaceSize: 1.00 GB

CodeHeap 'non-profiled nmethods': size=120000Kb used=427Kb max_used=427Kb free=119572Kb
 bounds [0x000002a4f86c0000, 0x000002a4f8930000, 0x000002a4ffbf0000]
CodeHeap 'profiled nmethods': size=120000Kb used=2112Kb max_used=2112Kb free=117887Kb
 bounds [0x000002a4f1190000, 0x000002a4f1400000, 0x000002a4f86c0000]
CodeHeap 'non-nmethods': size=5760Kb used=1519Kb max_used=1532Kb free=4240Kb
 bounds [0x000002a4f0bf0000, 0x000002a4f0e60000, 0x000002a4f1190000]
 total_blobs=1977 nmethods=1218 adapters=672
 compilation: enabled
              stopped_count=0, restarted_count=0
 full_count=0

Compilation events (20 events):
Event: 20.560 Thread 0x000002a4959b4330 1207       3       org.jetbrains.skija.Rect::makeLTRB (54 bytes)
Event: 20.561 Thread 0x000002a4959b4330 nmethod 1207 0x000002a4f1397b90 code [0x000002a4f1397da0, 0x000002a4f1398318]
Event: 20.561 Thread 0x000002a4959b4330 1208       3       androidx.compose.ui.graphics.DesktopPaint::getColor-0d7_KjU (11 bytes)
Event: 20.561 Thread 0x000002a4959b4330 nmethod 1208 0x000002a4f1398590 code [0x000002a4f1398760, 0x000002a4f1398af8]
Event: 20.561 Thread 0x000002a4959b4330 1210       3       androidx.compose.ui.graphics.drawscope.DrawScope$DefaultImpls::drawRect-w2WG-Gw$default (122 bytes)
Event: 20.561 Thread 0x000002a4959b4330 nmethod 1210 0x000002a4f1398d10 code [0x000002a4f1398f80, 0x000002a4f1399898]
Event: 20.561 Thread 0x000002a4959b4330 1211       3       androidx.compose.ui.graphics.drawscope.DrawScope$Companion::getDefaultBlendMode (4 bytes)
Event: 20.561 Thread 0x000002a4959b4330 nmethod 1211 0x000002a4f1399c90 code [0x000002a4f1399e20, 0x000002a4f1399f38]
Event: 20.561 Thread 0x000002a4959b4330 1212       3       androidx.compose.ui.node.LayoutNodeDrawScope::drawRect-w2WG-Gw (34 bytes)
Event: 20.562 Thread 0x000002a4959b4330 nmethod 1212 0x000002a4f139a010 code [0x000002a4f139a2c0, 0x000002a4f139ae68]
Event: 20.562 Thread 0x000002a4959b4330 1213       3       androidx.compose.ui.graphics.drawscope.CanvasDrawScope::drawRect-w2WG-Gw (68 bytes)
Event: 20.562 Thread 0x000002a4959b4330 nmethod 1213 0x000002a4f139b310 code [0x000002a4f139b620, 0x000002a4f139c438]
Event: 20.562 Thread 0x000002a4959b4330 1214       3       androidx.compose.ui.graphics.drawscope.CanvasDrawScope::configurePaint-3J-VO9M (120 bytes)
Event: 20.563 Thread 0x000002a4959b4330 nmethod 1214 0x000002a4f139ca10 code [0x000002a4f139cdc0, 0x000002a4f139e3d8]
Event: 20.563 Thread 0x000002a4959b4330 1216       3       androidx.compose.ui.graphics.drawscope.CanvasDrawScope::obtainFillPaint (60 bytes)
Event: 20.564 Thread 0x000002a4959b4330 nmethod 1216 0x000002a4f139ee10 code [0x000002a4f139f000, 0x000002a4f139f4c8]
Event: 20.564 Thread 0x000002a4959b4330 1217       3       androidx.compose.ui.graphics.drawscope.CanvasDrawScope::modulate-5vOe2sY (35 bytes)
Event: 20.564 Thread 0x000002a4959b4330 nmethod 1217 0x000002a4f139f690 code [0x000002a4f139f860, 0x000002a4f139fad8]
Event: 20.564 Thread 0x000002a4959b4330 1218   !   3       org.jetbrains.skija.Paint::getColor (24 bytes)
Event: 20.564 Thread 0x000002a4959b4330 nmethod 1218 0x000002a4f139fb90 code [0x000002a4f139fd60, 0x000002a4f13a0048]

GC Heap History (4 events):
Event: 0.518 GC heap before
{Heap before GC invocations=0 (full 0):
 garbage-first heap   total 524288K, used 20480K [0x0000000601000000, 0x0000000800000000)
  region size 4096K, 6 young (24576K), 0 survivors (0K)
 Metaspace       used 5850K, capacity 7420K, committed 7552K, reserved 1056768K
  class space    used 462K, capacity 615K, committed 640K, reserved 1048576K
}
Event: 0.521 GC heap after
{Heap after GC invocations=1 (full 0):
 garbage-first heap   total 524288K, used 3025K [0x0000000601000000, 0x0000000800000000)
  region size 4096K, 1 young (4096K), 1 survivors (4096K)
 Metaspace       used 5850K, capacity 7420K, committed 7552K, reserved 1056768K
  class space    used 462K, capacity 615K, committed 640K, reserved 1048576K
}
Event: 0.977 GC heap before
{Heap before GC invocations=1 (full 0):
 garbage-first heap   total 524288K, used 19409K [0x0000000601000000, 0x0000000800000000)
  region size 4096K, 6 young (24576K), 1 survivors (4096K)
 Metaspace       used 11955K, capacity 12094K, committed 12288K, reserved 1060864K
  class space    used 1202K, capacity 1254K, committed 1280K, reserved 1048576K
}
Event: 0.980 GC heap after
{Heap after GC invocations=2 (full 0):
 garbage-first heap   total 524288K, used 4125K [0x0000000601000000, 0x0000000800000000)
  region size 4096K, 1 young (4096K), 1 survivors (4096K)
 Metaspace       used 11955K, capacity 12094K, committed 12288K, reserved 1060864K
  class space    used 1202K, capacity 1254K, committed 1280K, reserved 1048576K
}

Deoptimization events (20 events):
Event: 1.002 Thread 0x000002a495acee90 Uncommon trap: trap_request=0xffffffde fr.pc=0x000002a4f8722e54 relative=0x0000000000000134
Event: 1.002 Thread 0x000002a495acee90 Uncommon trap: reason=class_check action=maybe_recompile pc=0x000002a4f8722e54 method=jdk.internal.misc.Unsafe.allocateUninitializedArray(Ljava/lang/Class;I)Ljava/lang/Object; @ 51 c2
Event: 1.002 Thread 0x000002a495acee90 DEOPT PACKING pc=0x000002a4f8722e54 sp=0x000000d6ecdfccc0
Event: 1.002 Thread 0x000002a495acee90 DEOPT UNPACKING pc=0x000002a4f0c3e42f sp=0x000000d6ecdfcc48 mode 2
Event: 1.003 Thread 0x000002a495acee90 Uncommon trap: trap_request=0xffffffde fr.pc=0x000002a4f8722e54 relative=0x0000000000000134
Event: 1.003 Thread 0x000002a495acee90 Uncommon trap: reason=class_check action=maybe_recompile pc=0x000002a4f8722e54 method=jdk.internal.misc.Unsafe.allocateUninitializedArray(Ljava/lang/Class;I)Ljava/lang/Object; @ 51 c2
Event: 1.003 Thread 0x000002a495acee90 DEOPT PACKING pc=0x000002a4f8722e54 sp=0x000000d6ecdfca80
Event: 1.003 Thread 0x000002a495acee90 DEOPT UNPACKING pc=0x000002a4f0c3e42f sp=0x000000d6ecdfca08 mode 2
Event: 1.003 Thread 0x000002a495acee90 Uncommon trap: trap_request=0xffffffde fr.pc=0x000002a4f8722e54 relative=0x0000000000000134
Event: 1.003 Thread 0x000002a495acee90 Uncommon trap: reason=class_check action=maybe_recompile pc=0x000002a4f8722e54 method=jdk.internal.misc.Unsafe.allocateUninitializedArray(Ljava/lang/Class;I)Ljava/lang/Object; @ 51 c2
Event: 1.003 Thread 0x000002a495acee90 DEOPT PACKING pc=0x000002a4f8722e54 sp=0x000000d6ecdfc750
Event: 1.003 Thread 0x000002a495acee90 DEOPT UNPACKING pc=0x000002a4f0c3e42f sp=0x000000d6ecdfc6d8 mode 2
Event: 1.030 Thread 0x000002a495acee90 Uncommon trap: trap_request=0xffffff45 fr.pc=0x000002a4f8720288 relative=0x0000000000001268
Event: 1.030 Thread 0x000002a495acee90 Uncommon trap: reason=unstable_if action=reinterpret pc=0x000002a4f8720288 method=java.util.concurrent.ConcurrentHashMap.putVal(Ljava/lang/Object;Ljava/lang/Object;Z)Ljava/lang/Object; @ 148 c2
Event: 1.030 Thread 0x000002a495acee90 DEOPT PACKING pc=0x000002a4f8720288 sp=0x000000d6ecdfb570
Event: 1.030 Thread 0x000002a495acee90 DEOPT UNPACKING pc=0x000002a4f0c3e42f sp=0x000000d6ecdfb510 mode 2
Event: 1.032 Thread 0x000002a495acee90 DEOPT PACKING pc=0x000002a4f12ddff2 sp=0x000000d6ecdfb5d0
Event: 1.032 Thread 0x000002a495acee90 DEOPT UNPACKING pc=0x000002a4f0c3e23f sp=0x000000d6ecdfaa30 mode 0
Event: 1.044 Thread 0x000002a495acee90 DEOPT PACKING pc=0x000002a4f136a803 sp=0x000000d6ecdfd900
Event: 1.044 Thread 0x000002a495acee90 DEOPT UNPACKING pc=0x000002a4f0c3e23f sp=0x000000d6ecdfcd70 mode 0

Classes unloaded (0 events):
No events

Classes redefined (0 events):
No events

Internal exceptions (14 events):
Event: 0.440 Thread 0x000002a4e89bc9e0 Exception <a 'java/lang/ClassNotFoundException'{0x000000061f801818}: sun/awt/resources/spi/awtProvider> (0x000000061f801818) 
thrown [./open/src/hotspot/share/classfile/systemDictionary.cpp, line 295]
Event: 0.456 Thread 0x000002a4e89bc9e0 Exception <a 'java/io/FileNotFoundException'{0x000000061f88d568}> (0x000000061f88d568) 
thrown [./open/src/hotspot/share/prims/jni.cpp, line 578]
Event: 0.464 Thread 0x000002a4e89bc9e0 Exception <a 'java/io/FileNotFoundException'{0x000000061f8c0048}> (0x000000061f8c0048) 
thrown [./open/src/hotspot/share/prims/jni.cpp, line 578]
Event: 0.465 Thread 0x000002a4e89bc9e0 Exception <a 'java/lang/NoSuchMethodError'{0x000000061f8c4ff0}: 'java.lang.Object java.lang.invoke.DirectMethodHandle$Holder.invokeStatic(java.lang.Object)'> (0x000000061f8c4ff0) 
thrown [./open/src/hotspot/share/interpreter/linkResolver.cpp, line 782]
Event: 0.469 Thread 0x000002a4e89bc9e0 Exception <a 'java/lang/NoSuchMethodError'{0x000000061f91cad8}: 'void java.lang.invoke.DirectMethodHandle$Holder.invokeSpecial(java.lang.Object, java.lang.Object, java.lang.Object)'> (0x000000061f91cad8) 
thrown [./open/src/hotspot/share/interpreter/linkResolver.cpp, line 782]
Event: 0.496 Thread 0x000002a4e89bc9e0 Exception <a 'java/lang/NoSuchMethodError'{0x000000061facbaa8}: 'java.lang.Object java.lang.invoke.DirectMethodHandle$Holder.invokeStaticInit(java.lang.Object)'> (0x000000061facbaa8) 
thrown [./open/src/hotspot/share/interpreter/linkResolver.cpp, line 782]
Event: 0.723 Thread 0x000002a495acee90 Exception <a 'java/lang/NoSuchMethodError'{0x0000000620899428}: 'java.lang.Object java.lang.invoke.DirectMethodHandle$Holder.newInvokeSpecial(java.lang.Object, java.lang.Object, java.lang.Object, java.lang.Object, java.lang.Object)'> (0x0000000620899428) 
thrown [./open/src/hotspot/share/interpreter/linkResolver.cpp, line 782]
Event: 0.724 Thread 0x000002a495acee90 Exception <a 'java/lang/NoSuchMethodError'{0x00000006208a5100}: 'java.lang.Object java.lang.invoke.DirectMethodHandle$Holder.invokeStatic(java.lang.Object, int, java.lang.Object, java.lang.Object, java.lang.Object, java.lang.Object)'> (0x00000006208a5100) 
thrown [./open/src/hotspot/share/interpreter/linkResolver.cpp, line 782]
Event: 0.730 Thread 0x000002a495acee90 Exception <a 'java/lang/NoSuchMethodError'{0x00000006208cc2b0}: 'java.lang.Object java.lang.invoke.DirectMethodHandle$Holder.invokeStatic(java.lang.Object, int, java.lang.Object)'> (0x00000006208cc2b0) 
thrown [./open/src/hotspot/share/interpreter/linkResolver.cpp, line 782]
Event: 0.753 Thread 0x000002a495acee90 Exception <a 'java/lang/ClassNotFoundException'{0x00000006209a3ac8}: com/sun/swing/internal/plaf/metal/resources/spi/metalProvider> (0x00000006209a3ac8) 
thrown [./open/src/hotspot/share/classfile/systemDictionary.cpp, line 295]
Event: 0.754 Thread 0x000002a495acee90 Exception <a 'java/lang/ClassNotFoundException'{0x00000006209ad2c8}: com/sun/swing/internal/plaf/basic/resources/spi/basicProvider> (0x00000006209ad2c8) 
thrown [./open/src/hotspot/share/classfile/systemDictionary.cpp, line 295]
Event: 0.758 Thread 0x000002a495acee90 Implicit null exception at 0x000002a4f86e2760 to 0x000002a4f86e27f2
Event: 0.761 Thread 0x000002a495acee90 Implicit null exception at 0x000002a4f86fb615 to 0x000002a4f86fbab0
Event: 0.873 Thread 0x000002a495acee90 Exception <a 'java/lang/NoSuchMethodError'{0x000000062017a220}: 'void java.lang.invoke.DirectMethodHandle$Holder.invokeStaticInit(java.lang.Object)'> (0x000000062017a220) 
thrown [./open/src/hotspot/share/interpreter/linkResolver.cpp, line 782]

Events (20 events):
Event: 20.555 loading class androidx/compose/ui/graphics/drawscope/DrawScope$Companion done
Event: 20.558 loading class androidx/compose/ui/graphics/DesktopCanvas_desktopKt
Event: 20.558 loading class androidx/compose/ui/graphics/DesktopCanvas_desktopKt done
Event: 20.558 loading class org/jetbrains/skiko/PictureHolder
Event: 20.558 loading class org/jetbrains/skiko/PictureHolder done
Event: 20.558 loading class org/jetbrains/skiko/HardwareLayer$windowHandle$1
Event: 20.558 loading class org/jetbrains/skiko/HardwareLayer$windowHandle$1 done
Event: 20.579 loading class jdk/internal/misc/Signal$1
Event: 20.579 loading class jdk/internal/misc/Signal$1 done
Event: 20.579 Thread 0x000002a496d04200 Thread added: 0x000002a496d04200
Event: 20.579 Thread 0x000002a496d03860 Thread added: 0x000002a496d03860
Event: 20.579 Thread 0x000002a496d07220 Thread added: 0x000002a496d07220
Event: 20.579 Thread 0x000002a496d08a30 Thread added: 0x000002a496d08a30
Event: 20.581 Thread 0x000002a496d08a30 Thread exited: 0x000002a496d08a30
Event: 20.581 Thread 0x000002a496d05ee0 Thread exited: 0x000002a496d05ee0
Event: 20.581 Thread 0x000002a496d03860 Thread exited: 0x000002a496d03860
Event: 20.597 Thread 0x000002a495ad06a0 Thread exited: 0x000002a495ad06a0
Event: 20.688 Thread 0x000002a496d07220 Thread exited: 0x000002a496d07220
Event: 20.688 Thread 0x000002a4959a6710 Thread exited: 0x000002a4959a6710
Event: 20.688 Executing VM operation: Exit


Dynamic libraries:
0x00007ff6798a0000 - 0x00007ff6798af000 	C:\Program Files\Java\jdk-15.0.2\bin\java.exe
0x00007ff95bd50000 - 0x00007ff95bf45000 	C:\Windows\SYSTEM32\ntdll.dll
0x00007ff959e60000 - 0x00007ff959f1d000 	C:\Windows\System32\KERNEL32.DLL
0x00007ff959750000 - 0x00007ff959a18000 	C:\Windows\System32\KERNELBASE.dll
0x00007ff959ac0000 - 0x00007ff959bc0000 	C:\Windows\System32\ucrtbase.dll
0x00007ff940b40000 - 0x00007ff940b59000 	C:\Program Files\Java\jdk-15.0.2\bin\VCRUNTIME140.dll
0x00007ff942890000 - 0x00007ff9428a8000 	C:\Program Files\Java\jdk-15.0.2\bin\jli.dll
0x00007ff959f20000 - 0x00007ff959fcc000 	C:\Windows\System32\ADVAPI32.dll
0x00007ff95b200000 - 0x00007ff95b29e000 	C:\Windows\System32\msvcrt.dll
0x00007ff95b4c0000 - 0x00007ff95b55b000 	C:\Windows\System32\sechost.dll
0x00007ff95b560000 - 0x00007ff95b68b000 	C:\Windows\System32\RPCRT4.dll
0x00007ff95aac0000 - 0x00007ff95ac60000 	C:\Windows\System32\USER32.dll
0x00007ff945fa0000 - 0x00007ff94623a000 	C:\Windows\WinSxS\amd64_microsoft.windows.common-controls_6595b64144ccf1df_6.0.19041.844_none_ca00b6081b84eb1d\COMCTL32.dll
0x00007ff959c70000 - 0x00007ff959c92000 	C:\Windows\System32\win32u.dll
0x00007ff95a1b0000 - 0x00007ff95a1da000 	C:\Windows\System32\GDI32.dll
0x00007ff959ca0000 - 0x00007ff959dab000 	C:\Windows\System32\gdi32full.dll
0x00007ff959a20000 - 0x00007ff959abd000 	C:\Windows\System32\msvcp_win.dll
0x00007ff952a90000 - 0x00007ff952a9a000 	C:\Windows\SYSTEM32\VERSION.dll
0x00007ff95a2b0000 - 0x00007ff95a2e0000 	C:\Windows\System32\IMM32.DLL
0x00007ff954b10000 - 0x00007ff954b1c000 	C:\Program Files\Java\jdk-15.0.2\bin\vcruntime140_1.dll
0x00007ff927820000 - 0x00007ff9278b1000 	C:\Program Files\Java\jdk-15.0.2\bin\msvcp140.dll
0x00007ff8c4a30000 - 0x00007ff8c558e000 	C:\Program Files\Java\jdk-15.0.2\bin\server\jvm.dll
0x00007ff95a2e0000 - 0x00007ff95a2e8000 	C:\Windows\System32\PSAPI.DLL
0x00007ff9526f0000 - 0x00007ff952717000 	C:\Windows\SYSTEM32\WINMM.dll
0x00007ff956c40000 - 0x00007ff956c49000 	C:\Windows\SYSTEM32\WSOCK32.dll
0x00007ff95a2f0000 - 0x00007ff95a35b000 	C:\Windows\System32\WS2_32.dll
0x00007ff9573f0000 - 0x00007ff957402000 	C:\Windows\SYSTEM32\kernel.appcore.dll
0x00007ff950d10000 - 0x00007ff950d1a000 	C:\Program Files\Java\jdk-15.0.2\bin\jimage.dll
0x00007ff93c8f0000 - 0x00007ff93cad4000 	C:\Windows\SYSTEM32\DBGHELP.DLL
0x00007ff92bef0000 - 0x00007ff92bf1c000 	C:\Windows\SYSTEM32\dbgcore.DLL
0x00007ff9596a0000 - 0x00007ff959720000 	C:\Windows\System32\bcryptPrimitives.dll
0x00007ff92f070000 - 0x00007ff92f0a9000 	C:\Program Files\Java\jdk-15.0.2\bin\jdwp.dll
0x00007ff940bc0000 - 0x00007ff940bce000 	C:\Program Files\Java\jdk-15.0.2\bin\instrument.dll
0x00007ff9277f0000 - 0x00007ff927815000 	C:\Program Files\Java\jdk-15.0.2\bin\java.dll
0x00007ff95a370000 - 0x00007ff95aab2000 	C:\Windows\System32\SHELL32.dll
0x00007ff9575f0000 - 0x00007ff957d81000 	C:\Windows\SYSTEM32\windows.storage.dll
0x00007ff95b8c0000 - 0x00007ff95bc15000 	C:\Windows\System32\combase.dll
0x00007ff958f00000 - 0x00007ff958f2c000 	C:\Windows\SYSTEM32\Wldp.dll
0x00007ff959db0000 - 0x00007ff959e5e000 	C:\Windows\System32\SHCORE.dll
0x00007ff95b460000 - 0x00007ff95b4b5000 	C:\Windows\System32\shlwapi.dll
0x00007ff9593d0000 - 0x00007ff9593ef000 	C:\Windows\SYSTEM32\profapi.dll
0x00007ff940bb0000 - 0x00007ff940bbb000 	C:\Program Files\Java\jdk-15.0.2\bin\dt_socket.dll
0x00007ff958910000 - 0x00007ff95894b000 	C:\Windows\SYSTEM32\IPHLPAPI.DLL
0x00007ff958c70000 - 0x00007ff958cda000 	C:\Windows\system32\mswsock.dll
0x00007ff927fe0000 - 0x00007ff927ff8000 	C:\Program Files\Java\jdk-15.0.2\bin\zip.dll
0x00007ff940960000 - 0x00007ff940979000 	C:\Program Files\Java\jdk-15.0.2\bin\net.dll
0x00007ff949410000 - 0x00007ff94951b000 	C:\Windows\SYSTEM32\WINHTTP.dll
0x00007ff92d6c0000 - 0x00007ff92d6d2000 	C:\Program Files\Java\jdk-15.0.2\bin\nio.dll
0x00007ff8ccb30000 - 0x00007ff8cccb0000 	C:\Program Files\Java\jdk-15.0.2\bin\awt.dll
0x00007ff95ac60000 - 0x00007ff95ad2d000 	C:\Windows\System32\OLEAUT32.dll
0x00007ff956d60000 - 0x00007ff956df0000 	C:\Windows\SYSTEM32\apphelp.dll
0x00007ff956e90000 - 0x00007ff956f2e000 	C:\Windows\system32\uxtheme.dll
0x00007ff95a090000 - 0x00007ff95a1a5000 	C:\Windows\System32\MSCTF.dll
0x00007ff95b2a0000 - 0x00007ff95b3ca000 	C:\Windows\System32\ole32.dll
0x00007ff950b80000 - 0x00007ff950b90000 	C:\Program Files\Java\jdk-15.0.2\bin\verify.dll
0x00007ff957210000 - 0x00007ff95723f000 	C:\Windows\system32\DWMAPI.DLL
0x00007ff927ac0000 - 0x00007ff927be6000 	C:\Windows\system32\opengl32.dll
0x00007ff944a30000 - 0x00007ff944a5c000 	C:\Windows\SYSTEM32\GLU32.dll
0x00007ff959080000 - 0x00007ff959092000 	C:\Windows\SYSTEM32\msasn1.dll
0x00007ff952a50000 - 0x00007ff952a81000 	C:\Windows\SYSTEM32\cryptnet.dll
0x00007ff9594e0000 - 0x00007ff95963f000 	C:\Windows\System32\CRYPT32.dll
0x00007ff950e70000 - 0x00007ff950fba000 	C:\Windows\SYSTEM32\drvstore.dll
0x00007ff959240000 - 0x00007ff95926c000 	C:\Windows\SYSTEM32\devobj.dll
0x00007ff959490000 - 0x00007ff9594de000 	C:\Windows\System32\cfgmgr32.dll
0x00007ff958e60000 - 0x00007ff958e6c000 	C:\Windows\SYSTEM32\cryptbase.dll
0x00007ff959640000 - 0x00007ff9596a0000 	C:\Windows\System32\WINTRUST.DLL
0x00007ff95a1e0000 - 0x00007ff95a1fd000 	C:\Windows\System32\imagehlp.dll
0x00007ff958e40000 - 0x00007ff958e58000 	C:\Windows\SYSTEM32\CRYPTSP.dll
0x00007ff9585a0000 - 0x00007ff9585d4000 	C:\Windows\system32\rsaenh.dll
0x00007ff959720000 - 0x00007ff959747000 	C:\Windows\System32\bcrypt.dll
0x00007ff9014f0000 - 0x00007ff9017b3000 	C:\Windows\system32\nvspcap64.dll
0x00007ff9581d0000 - 0x00007ff958203000 	C:\Windows\SYSTEM32\ntmarta.dll
0x00007ff957da0000 - 0x00007ff957dc3000 	C:\Windows\SYSTEM32\gpapi.dll
0x00007ff950360000 - 0x00007ff95039b000 	C:\Windows\SYSTEM32\dxcore.dll
0x00007ff8c2240000 - 0x00007ff8c3174000 	C:\Users\dmitriy\.skiko\6cbf202114d98ba6f3db4a79122edaa0bfeab97b98db2954147c2010393b6e8d\skiko-windows-x64.dll
0x00007ff902980000 - 0x00007ff902a05000 	C:\Program Files\Java\jdk-15.0.2\bin\freetype.dll
0x00007ff9028d0000 - 0x00007ff902979000 	C:\Program Files\Java\jdk-15.0.2\bin\fontmanager.dll
0x00007ff94fd60000 - 0x00007ff94fe59000 	C:\Windows\SYSTEM32\textinputframework.dll
0x00007ff956480000 - 0x00007ff9567de000 	C:\Windows\System32\CoreUIComponents.dll
0x00007ff9567e0000 - 0x00007ff9568d2000 	C:\Windows\System32\CoreMessaging.dll
0x00007ff955d80000 - 0x00007ff955ed4000 	C:\Windows\SYSTEM32\wintypes.dll
0x00007ff940ba0000 - 0x00007ff940ba7000 	C:\Program Files\Java\jdk-15.0.2\bin\jawt.dll
0x00007ff9470a0000 - 0x00007ff94731f000 	C:\Windows\SYSTEM32\dwrite.dll
0x00007ff957dd0000 - 0x00007ff957ec3000 	C:\Windows\SYSTEM32\Dxgi.dll
0x00007ff940b70000 - 0x00007ff940b90000 	C:\Windows\SYSTEM32\D3D12.dll
0x00007ff8c8060000 - 0x00007ff8c822d000 	C:\Windows\SYSTEM32\D3D12Core.dll
0x00007ff94ffc0000 - 0x00007ff9500c6000 	C:\Windows\System32\DriverStore\FileRepository\nv_dispi.inf_amd64_5d5c294bb8d17217\nvldumdx.dll
0x00007ff917dc0000 - 0x00007ff91c7c5000 	C:\Windows\System32\DriverStore\FileRepository\nv_dispi.inf_amd64_5d5c294bb8d17217\nvwgf2umx.dll
0x00007ff927a60000 - 0x00007ff927a8b000 	C:\Windows\SYSTEM32\D3DSCache.dll
0x00007ff959350000 - 0x00007ff95937e000 	C:\Windows\SYSTEM32\USERENV.dll
0x00007ff952ec0000 - 0x00007ff9530c1000 	C:\Windows\SYSTEM32\twinapi.appcore.dll

dbghelp: loaded successfully - version: 4.0.5 - missing functions: none
symbol engine: initialized successfully - sym options: 0x614 - pdb path: .;C:\Program Files\Java\jdk-15.0.2\bin;C:\Windows\SYSTEM32;C:\Windows\WinSxS\amd64_microsoft.windows.common-controls_6595b64144ccf1df_6.0.19041.844_none_ca00b6081b84eb1d;C:\Program Files\Java\jdk-15.0.2\bin\server;C:\Windows\System32\DriverStore\FileRepository\nv_dispi.inf_amd64_5d5c294bb8d17217;C:\Users\dmitriy\.skiko\6cbf202114d98ba6f3db4a79122edaa0bfeab97b98db2954147c2010393b6e8d

VM Arguments:
jvm_args: -agentlib:jdwp=transport=dt_socket,address=127.0.0.1:57814,suspend=y,server=n -javaagent:C:\Users\dmitriy\.gradle\caches\modules-2\files-2.1\org.jetbrains.kotlinx\kotlinx-coroutines-core-jvm\1.4.1\936067d1e0195f638396f60e71da745bb14a35ca\kotlinx-coroutines-core-jvm-1.4.1.jar -javaagent:C:\Users\dmitriy\AppData\Local\JetBrains\IdeaIC2021.1\captureAgent\debugger-agent.jar -Dfile.encoding=UTF-8 
java_command: MainKt
java_class_path (initial): D:\KotlinProjects\Tetris\build\classes\kotlin\main;C:\Users\dmitriy\.gradle\caches\modules-2\files-2.1\org.jetbrains.kotlin\kotlin-stdlib-jdk8\1.4.30\aeecfab2e6acbcb80fc6628e8882c98cbbd819cf\kotlin-stdlib-jdk8-1.4.30.jar;C:\Users\dmitriy\.gradle\caches\modules-2\files-2.1\org.jetbrains.kotlin\kotlin-stdlib-jdk7\1.4.30\cd81ed90fd79e43f587bd384c2bc6d1aed0bfe31\kotlin-stdlib-jdk7-1.4.30.jar;C:\Users\dmitriy\.gradle\caches\modules-2\files-2.1\org.jetbrains.kotlin\kotlin-stdlib\1.4.30\d10d1e10f47006ee08162dde039e38ac487de4ac\kotlin-stdlib-1.4.30.jar;C:\Users\dmitriy\.gradle\caches\modules-2\files-2.1\org.jetbrains.kotlin\kotlin-stdlib-common\1.4.30\bb9a3173350f55732416ee27956ea8f9b81f4dbb\kotlin-stdlib-common-1.4.30.jar;C:\Users\dmitriy\.gradle\caches\modules-2\files-2.1\org.jetbrains\annotations\13.0\919f0dfe192fb4e063e7dacadee7f8bb9a2672a9\annotations-13.0.jar;C:\Users\dmitriy\.gradle\caches\modules-2\files-2.1\org.jetbrains.compose.desktop\desktop-jvm\0.3.1\187dc4aed7f974e6b6f0e6e8cde2e30670aff1ec\desktop-jvm-0.3.1.jar;C:\Users\dmitriy\.gradle\caches\modules-2\files-2.1\org.jetbrains.compose.material\material-desktop\0.3.1\9c59d1793c79de8b0ffae0d686e314f0f95eafcb\material-desktop-0.3.1.jar;C:\Users\dmitriy\.gradle\caches\modules-2\files-2.1\org.jetbrains.compose.foundation\foundation-desktop\0.3.1\c268d6d54a0b1bad34807ce005d530a889f563f0\foundation-desktop-0.3.1.jar;C:\Users\dmitriy\.gradle\caches\modules-2\files-2.1\org.jetbrains.compose.ui\ui-desktop\0.3.1\8b7067f1feeb165dc8151640acc2cf0ce0e33a27\ui-desktop-0.3.1.jar;C:\Users\dmitriy\.gradle\caches\modules-2\files-2.1\org.jetbrains.compose.runtime\runtime-desktop\0.3.1\1054b167bd599c886fd2f97c48df41b4d8196955\runtime-desktop-0.3.1.jar;C:\Users\dmitriy\.gradle\caches\modules-2\files-2.1\org.jetbrains.kotlinx\kotlinx-coroutines-swing\1.4.1\60c1303504d7e745820865d4f29be7ea23303318\kotlinx-coroutines-swing-1.4.1.jar;C:\Users\dmitriy\.gradle\caches\modules-2\files-2.1\org.jetbrains.compose.ma
Launcher Type: SUN_STANDARD

[Global flags]
     intx CICompilerCount                          = 3                                         {product} {ergonomic}
     uint ConcGCThreads                            = 1                                         {product} {ergonomic}
     uint G1ConcRefinementThreads                  = 4                                         {product} {ergonomic}
   size_t G1HeapRegionSize                         = 4194304                                   {product} {ergonomic}
    uintx GCDrainStackTargetSize                   = 64                                        {product} {ergonomic}
   size_t InitialHeapSize                          = 536870912                                 {product} {ergonomic}
   size_t MarkStackSize                            = 4194304                                   {product} {ergonomic}
   size_t MaxHeapSize                              = 8573157376                                {product} {ergonomic}
   size_t MaxNewSize                               = 5142216704                                {product} {ergonomic}
   size_t MinHeapDeltaBytes                        = 4194304                                   {product} {ergonomic}
   size_t MinHeapSize                              = 8388608                                   {product} {ergonomic}
    uintx NonNMethodCodeHeapSize                   = 5832780                                {pd product} {ergonomic}
    uintx NonProfiledCodeHeapSize                  = 122912730                              {pd product} {ergonomic}
    uintx ProfiledCodeHeapSize                     = 122912730                              {pd product} {ergonomic}
    uintx ReservedCodeCacheSize                    = 251658240                              {pd product} {ergonomic}
     bool SegmentedCodeCache                       = true                                      {product} {ergonomic}
   size_t SoftMaxHeapSize                          = 8573157376                             {manageable} {ergonomic}
     bool UseCompressedClassPointers               = true                                 {lp64_product} {ergonomic}
     bool UseCompressedOops                        = true                                 {lp64_product} {ergonomic}
     bool UseG1GC                                  = true                                      {product} {ergonomic}
     bool UseLargePagesIndividualAllocation        = false                                  {pd product} {ergonomic}

Logging:
Log output configuration:
 #0: stdout all=warning uptime,level,tags
 #1: stderr all=off uptime,level,tags

Environment Variables:
PATH=C:\Program Files\Common Files\Oracle\Java\javapath;C:\Program Files (x86)\Common Files\Oracle\Java\javapath;C:\ProgramData\Oracle\Java\javapath;C:\Program Files (x86)\Intel\Intel(R) Management Engine Components\iCLS\;C:\Program Files\Intel\Intel(R) Management Engine Components\iCLS\;C:\Windows\system32;C:\Windows;C:\Windows\System32\Wbem;C:\Windows\System32\WindowsPowerShell\v1.0\;C:\Program Files (x86)\Intel\Intel(R) Management Engine Components\DAL;C:\Program Files\Intel\Intel(R) Management Engine Components\DAL;C:\Program Files (x86)\Intel\Intel(R) Management Engine Components\IPT;C:\Program Files\Intel\Intel(R) Management Engine Components\IPT;C:\Program Files\dotnet\;C:\Program Files\Microsoft SQL Server\130\Tools\Binn\;C:\Program Files\Microsoft SQL Server\Client SDK\ODBC\170\Tools\Binn\;C:\Program Files\NVIDIA Corporation\NVIDIA NvDLISR;C:\Program Files (x86)\NVIDIA Corporation\PhysX\Common;C:\Program Files (x86)\QuickTime\QTSystem\;C:\Program Files (x86)\Microsoft SQL Server\150\Tools\Binn\;C:\Program Files\Microsoft SQL Server\150\Tools\Binn\;C:\Program Files\Microsoft SQL Server\150\DTS\Binn\;C:\Program Files (x86)\Microsoft SQL Server\150\DTS\Binn\;C:\Program Files\Azure Data Studio\bin;C:\Program Files\Git\cmd;C:\Users\dmitriy\AppData\Local\Microsoft\WindowsApps;C:\Users\dmitriy\.dotnet\tools;C:\Program Files\Azure Data Studio\bin;C:\Program Files\JetBrains\PyCharm Community Edition 2021.1.2\bin;
USERNAME=dmitriy
OS=Windows_NT
PROCESSOR_IDENTIFIER=Intel64 Family 6 Model 158 Stepping 9, GenuineIntel



---------------  S Y S T E M  ---------------

OS:
 Windows 10 , 64 bit Build 19041 (10.0.19041.928)
OS uptime: 0 days 0:52 hours

CPU: total 4 (initial active 4) (4 cores per cpu, 1 threads per core) family 6 model 158 stepping 9 microcode 0xde, cmov, cx8, fxsr, mmx, sse, sse2, sse3, ssse3, sse4.1, sse4.2, popcnt, vzeroupper, avx, avx2, aes, clmul, erms, rtm, 3dnowpref, lzcnt, tsc, tscinvbit, bmi1, bmi2, adx, fma, clflush, clflushopt

Memory: 4k page, system-wide physical 32700M (22412M free)
TotalPageFile size 37564M (AvailPageFile size 23152M)
current process WorkingSet (physical memory assigned to process): 143M, peak: 143M
current process commit charge ("private bytes"): 718M, peak: 718M

vm_info: Java HotSpot(TM) 64-Bit Server VM (15.0.2+7-27) for windows-amd64 JRE (15.0.2+7-27), built on Dec  7 2020 20:07:01 by "mach5one" with unknown MS VC++:1925

END.
